<?xml version="1.0" encoding="UTF-8"?>
<!-- Generated by org.testng.reporters.JUnitReportReporter -->
<testsuite hostname="manoj-Vostro-3558" failures="0" tests="1" name="testcases.mytheresa.NewUserJourney" time="33.620" errors="0" timestamp="21 Nov 2022 17:19:22 GMT" skipped="0">
  <testcase classname="testcases.mytheresa.NewUserJourney" name="accountCreate" time="33.620"/>
</testsuite> <!-- testcases.mytheresa.NewUserJourney -->
